Tunnels SSH ouverts vers root@87.106.6.144 :
  • Webmail / admin : https://localhost:8443
  • Envoi SMTP      : localhost:1587
  • Uptime Kuma     : http://localhost:3001

Laisse ce terminal ouvert. Ctrl+C pour fermer les tunnels.

Tunnels SSH ouverts vers root@87.106.6.144 :
  • Webmail / admin : https://localhost:8443
  • Envoi SMTP      : localhost:1587
  • Uptime Kuma     : http://localhost:3001

Laisse ce terminal ouvert. Ctrl+C pour fermer les tunnels.

Tunnels SSH ouverts vers root@87.106.6.144 :
  • Webmail / admin : https://localhost:8443
  • Envoi SMTP      : localhost:1587
  • Uptime Kuma     : http://localhost:3001

Laisse ce terminal ouvert. Ctrl+C pour fermer les tunnels.

channel 6: open failed: connect failed: Connection refused
channel 6: open failed: connect failed: Connection refused
Tunnels SSH ouverts vers root@87.106.6.144 :
  • Webmail / admin : https://localhost:8443
  • Envoi SMTP      : localhost:1587
  • Uptime Kuma     : http://localhost:3001

Laisse ce terminal ouvert. Ctrl+C pour fermer les tunnels.

Tunnels SSH ouverts vers root@87.106.6.144 :
  • Webmail / admin : https://localhost:8443
  • Envoi SMTP      : localhost:1587
  • Uptime Kuma     : http://localhost:3001

Laisse ce terminal ouvert. Ctrl+C pour fermer les tunnels.

